<?xml version="1.0" encoding="UTF-8"?>
<testng-results skipped="0" failed="0" total="2" passed="2">
  <reporter-output>
  </reporter-output>
  <suite name="Suite" duration-ms="77666" started-at="2020-01-23T01:57:51Z" finished-at="2020-01-23T01:59:08Z">
    <groups>
    </groups>
    <test name="AmazonTesting" duration-ms="77666" started-at="2020-01-23T01:57:51Z" finished-at="2020-01-23T01:59:08Z">
      <class name="com.mobile.testing.appium.AmazonTestCase">
        <test-method status="PASS" signature="amazonTesting(java.lang.String, java.lang.String, java.lang.String, java.lang.String)[pri:0, instance:com.mobile.testing.appium.AmazonTestCase@61386958]" name="amazonTesting" duration-ms="47084" started-at="2020-01-23T07:27:51Z" finished-at="2020-01-23T07:28:38Z">
          <params>
            <param index="0">
              <value>
                <![CDATA[Appium]]>
              </value>
            </param>
            <param index="1">
              <value>
                <![CDATA[9.0]]>
              </value>
            </param>
            <param index="2">
              <value>
                <![CDATA[Android]]>
              </value>
            </param>
            <param index="3">
              <value>
                <![CDATA[Android]]>
              </value>
            </param>
          </params>
          <reporter-output>
          </reporter-output>
        </test-method> <!-- amazonTesting -->
        <test-method status="PASS" signature="searchAndCompare()[pri:0, instance:com.mobile.testing.appium.AmazonTestCase@61386958]" name="searchAndCompare" duration-ms="30565" started-at="2020-01-23T07:28:38Z" finished-at="2020-01-23T07:29:08Z">
          <reporter-output>
          </reporter-output>
        </test-method> <!-- searchAndCompare -->
      </class> <!-- com.mobile.testing.appium.AmazonTestCase -->
    </test> <!-- AmazonTesting -->
  </suite> <!-- Suite -->
</testng-results>
